INFO: [Common 17-701] A license check has taken more than 10 seconds to complete. This may indicate that there is a performance issue with one or more license servers listed in XILINXD_LICENSE_FILE or LM_LICENSE_FILE, or that the license servers are just not responding at all. Try setting the FLEXLM_DIAGNOSTICS environment variable to 3 and running Vivado again to get more information.
#-----------------------------------------------------------
# Vivado v2014.4 (64-bit)
# SW Build 1071353 on Tue Nov 18 16:47:07 MST 2014
# IP Build 1070531 on Tue Nov 18 01:10:18 MST 2014
# Start of session at: Mon Apr 11 04:29:11 2016
# Process ID: 4725
# Log file: /home/steven/Desktop/65816_Interface_System/vivado.log
# Journal file: /home/steven/Desktop/65816_Interface_System/vivado.jou
#-----------------------------------------------------------
start_gui
open_project /home/steven/Desktop/65816_Interface_System/65816_Interface_System.xpr
Scanning sources...
Finished scanning sources
INFO: [IP_Flow 19-234] Refreshing IP repositories
INFO: [IP_Flow 19-1700] Loaded user IP repository '/home/steven/Desktop/65816_Interface_System/65816_Interface_System.ipdefs/Vivado_Custom_IP_Repo'.
INFO: [IP_Flow 19-2313] Loaded Vivado IP repository '/opt/Xilinx/Vivado/2014.4/data/ip'.
open_project: Time (s): cpu = 00:00:21 ; elapsed = 00:00:09 . Memory (MB): peak = 5774.031 ; gain = 128.953 ; free physical = 5651 ; free virtual = 13704
exit
INFO: [Common 17-206] Exiting Vivado at Mon Apr 11 04:29:59 2016...
