INFO: [Common 17-701] A license check has taken more than 10 seconds to complete. This may indicate that there is a performance issue with one or more license servers listed in XILINXD_LICENSE_FILE or LM_LICENSE_FILE, or that the license servers are just not responding at all. Try setting the FLEXLM_DIAGNOSTICS environment variable to 3 and running Vivado again to get more information.
#-----------------------------------------------------------
# Vivado v2014.4 (64-bit)
# SW Build 1071353 on Tue Nov 18 16:47:07 MST 2014
# IP Build 1070531 on Tue Nov 18 01:10:18 MST 2014
# Start of session at: Fri Apr  8 19:59:26 2016
# Process ID: 12158
# Log file: /home/steven/Desktop/65816_Interface_System/65C816_Repo/vivado.log
# Journal file: /home/steven/Desktop/65816_Interface_System/65C816_Repo/vivado.jou
#-----------------------------------------------------------
start_gui
open_project /home/steven/Desktop/65816_Interface_System/65816_Interface_System.xpr
Scanning sources...
Finished scanning sources
INFO: [IP_Flow 19-234] Refreshing IP repositories
INFO: [IP_Flow 19-1700] Loaded user IP repository '/home/steven/Desktop/65816_Interface_System/65816_Interface_System.ipdefs/Vivado_Custom_IP_Repo'.
INFO: [IP_Flow 19-2313] Loaded Vivado IP repository '/opt/Xilinx/Vivado/2014.4/data/ip'.
open_project: Time (s): cpu = 00:00:22 ; elapsed = 00:00:12 . Memory (MB): peak = 5759.395 ; gain = 111.445 ; free physical = 6571 ; free virtual = 14699
open_bd_design {/home/steven/Desktop/65816_Interface_System/65816_Interface_System.srcs/sources_1/bd/Interface_Master_BD/Interface_Master_BD.bd}
Adding component instance block -- xilinx.com:ip:clk_wiz:5.1 - clk_wiz_0
Adding component instance block -- xilinx.com:ip:processing_system7:5.5 - processing_system7_0
Adding component instance block -- xilinx.com:ip:proc_sys_reset:5.0 - rst_processing_system7_0_71M
Adding component instance block -- rad-:user:AXIinterfacefor65816:4.0 - AXIinterfacefor65816_0
Adding component instance block -- xilinx.com:ip:axi_crossbar:2.1 - xbar
Adding component instance block -- xilinx.com:ip:axi_protocol_converter:2.1 - auto_pc
Successfully read diagram <Interface_Master_BD> from BD file </home/steven/Desktop/65816_Interface_System/65816_Interface_System.srcs/sources_1/bd/Interface_Master_BD/Interface_Master_BD.bd>
open_bd_design: Time (s): cpu = 00:00:09 ; elapsed = 00:00:06 . Memory (MB): peak = 5804.234 ; gain = 44.840 ; free physical = 6491 ; free virtual = 14651
regenerate_bd_layout
regenerate_bd_layout
regenerate_bd_layout
regenerate_bd_layout
regenerate_bd_layout
regenerate_bd_layout
regenerate_bd_layout
